Using built-in specs.
COLLECT_GCC=C:\msys64\ucrt64\bin\g++.exe
COLLECT_LTO_WRAPPER=C:/msys64/ucrt64/bin/../lib/gcc/x86_64-w64-mingw32/15.2.0/lto-wrapper.exe
Target: x86_64-w64-mingw32
Configured with: ../gcc-15.2.0/configure --prefix=/ucrt64 --with-local-prefix=/ucrt64/local --with-native-system-header-dir=/ucrt64/include --libexecdir=/ucrt64/lib --enable-bootstrap --enable-checking=release --with-arch=nocona --with-tune=generic --enable-mingw-wildcard --enable-languages=c,lto,c++,fortran,ada,objc,obj-c++,jit --enable-shared --enable-static --enable-libatomic --enable-threads=posix --enable-graphite --enable-fully-dynamic-string --enable-libstdcxx-backtrace=yes --enable-libstdcxx-filesystem-ts --enable-libstdcxx-time --disable-libstdcxx-pch --enable-lto --enable-libgomp --disable-libssp --disable-multilib --disable-rpath --disable-win32-registry --disable-nls --disable-werror --disable-symvers --with-libiconv --with-system-zlib --with-gmp=/ucrt64 --with-mpfr=/ucrt64 --with-mpc=/ucrt64 --with-isl=/ucrt64 --with-pkgversion='Rev8, Built by MSYS2 project' --with-bugurl=https://github.com/msys2/MINGW-packages/issues --with-gnu-as --with-gnu-ld --with-libstdcxx-zoneinfo=yes --disable-libstdcxx-debug --enable-plugin --with-boot-ldflags=-static-libstdc++ --with-stage1-ldflags=-static-libstdc++
Thread model: posix
Supported LTO compression algorithms: zlib zstd
gcc version 15.2.0 (Rev8, Built by MSYS2 project) 
COLLECT_GCC_OPTIONS='-v' '-g' '-o' 'main.exe' '-shared-libgcc' '-mtune=generic' '-march=nocona' '-dumpdir' 'main-'
 C:/msys64/ucrt64/bin/../lib/gcc/x86_64-w64-mingw32/15.2.0/cc1plus.exe -quiet -v -iprefix C:/msys64/ucrt64/bin/../lib/gcc/x86_64-w64-mingw32/15.2.0/ -D_REENTRANT main.cpp -quiet -dumpdir main- -dumpbase main.cpp -dumpbase-ext .cpp -mtune=generic -march=nocona -g -version -o C:\Users\ishmu\AppData\Local\Temp\ccNuu8k4.s
GNU C++17 (Rev8, Built by MSYS2 project) version 15.2.0 (x86_64-w64-mingw32)
	compiled by GNU C version 15.2.0, GMP version 6.3.0, MPFR version 4.2.2, MPC version 1.3.1, isl version isl-0.27-GMP

GGC heuristics: --param ggc-min-expand=100 --param ggc-min-heapsize=131072
ignoring nonexistent directory "C:/msys64/ucrt64/bin/../lib/gcc/x86_64-w64-mingw32/15.2.0/../../../../x86_64-w64-mingw32/include"
ignoring duplicate directory "C:/msys64/ucrt64/lib/gcc/../../lib/gcc/x86_64-w64-mingw32/15.2.0/../../../../include/c++/15.2.0"
ignoring duplicate directory "C:/msys64/ucrt64/lib/gcc/../../lib/gcc/x86_64-w64-mingw32/15.2.0/../../../../include/c++/15.2.0/x86_64-w64-mingw32"
ignoring duplicate directory "C:/msys64/ucrt64/lib/gcc/../../lib/gcc/x86_64-w64-mingw32/15.2.0/../../../../include/c++/15.2.0/backward"
ignoring duplicate directory "C:/msys64/ucrt64/lib/gcc/../../lib/gcc/x86_64-w64-mingw32/15.2.0/include"
ignoring nonexistent directory "D:/M/msys64/ucrt64/include"
ignoring nonexistent directory "/ucrt64/include"
ignoring duplicate directory "C:/msys64/ucrt64/lib/gcc/../../lib/gcc/x86_64-w64-mingw32/15.2.0/include-fixed"
ignoring nonexistent directory "C:/msys64/ucrt64/lib/gcc/../../lib/gcc/x86_64-w64-mingw32/15.2.0/../../../../x86_64-w64-mingw32/include"
ignoring nonexistent directory "D:/M/msys64/ucrt64/include"
#include "..." search starts here:
#include <...> search starts here:
 C:/msys64/ucrt64/bin/../lib/gcc/x86_64-w64-mingw32/15.2.0/../../../../include/c++/15.2.0
 C:/msys64/ucrt64/bin/../lib/gcc/x86_64-w64-mingw32/15.2.0/../../../../include/c++/15.2.0/x86_64-w64-mingw32
 C:/msys64/ucrt64/bin/../lib/gcc/x86_64-w64-mingw32/15.2.0/../../../../include/c++/15.2.0/backward
 C:/msys64/ucrt64/bin/../lib/gcc/x86_64-w64-mingw32/15.2.0/include
 C:/msys64/ucrt64/bin/../lib/gcc/x86_64-w64-mingw32/15.2.0/../../../../include
 C:/msys64/ucrt64/bin/../lib/gcc/x86_64-w64-mingw32/15.2.0/include-fixed
End of search list.
Compiler executable checksum: 3a1a95c83f0136a64748ec8c5a2a87f3
COLLECT_GCC_OPTIONS='-v' '-g' '-o' 'main.exe' '-shared-libgcc' '-mtune=generic' '-march=nocona' '-dumpdir' 'main-'
 C:/msys64/ucrt64/bin/../lib/gcc/x86_64-w64-mingw32/15.2.0/../../../../x86_64-w64-mingw32/bin/as.exe -v --gdwarf-5 -o C:\Users\ishmu\AppData\Local\Temp\ccvbnZoq.o C:\Users\ishmu\AppData\Local\Temp\ccNuu8k4.s
COLLECT_GCC_OPTIONS='-v' '-g' '-o' 'main.exe' '-shared-libgcc' '-mtune=generic' '-march=nocona' '-dumpdir' 'main-'
 C:/msys64/ucrt64/bin/../lib/gcc/x86_64-w64-mingw32/15.2.0/cc1plus.exe -quiet -v -iprefix C:/msys64/ucrt64/bin/../lib/gcc/x86_64-w64-mingw32/15.2.0/ -D_REENTRANT player.cpp -quiet -dumpdir main- -dumpbase player.cpp -dumpbase-ext .cpp -mtune=generic -march=nocona -g -version -o C:\Users\ishmu\AppData\Local\Temp\ccNuu8k4.s
GNU C++17 (Rev8, Built by MSYS2 project) version 15.2.0 (x86_64-w64-mingw32)
	compiled by GNU C version 15.2.0, GMP version 6.3.0, MPFR version 4.2.2, MPC version 1.3.1, isl version isl-0.27-GMP

GGC heuristics: --param ggc-min-expand=100 --param ggc-min-heapsize=131072
ignoring nonexistent directory "C:/msys64/ucrt64/bin/../lib/gcc/x86_64-w64-mingw32/15.2.0/../../../../x86_64-w64-mingw32/include"
ignoring duplicate directory "C:/msys64/ucrt64/lib/gcc/../../lib/gcc/x86_64-w64-mingw32/15.2.0/../../../../include/c++/15.2.0"
ignoring duplicate directory "C:/msys64/ucrt64/lib/gcc/../../lib/gcc/x86_64-w64-mingw32/15.2.0/../../../../include/c++/15.2.0/x86_64-w64-mingw32"
ignoring duplicate directory "C:/msys64/ucrt64/lib/gcc/../../lib/gcc/x86_64-w64-mingw32/15.2.0/../../../../include/c++/15.2.0/backward"
ignoring duplicate directory "C:/msys64/ucrt64/lib/gcc/../../lib/gcc/x86_64-w64-mingw32/15.2.0/include"
ignoring nonexistent directory "D:/M/msys64/ucrt64/include"
ignoring nonexistent directory "/ucrt64/include"
ignoring duplicate directory "C:/msys64/ucrt64/lib/gcc/../../lib/gcc/x86_64-w64-mingw32/15.2.0/include-fixed"
ignoring nonexistent directory "C:/msys64/ucrt64/lib/gcc/../../lib/gcc/x86_64-w64-mingw32/15.2.0/../../../../x86_64-w64-mingw32/include"
ignoring nonexistent directory "D:/M/msys64/ucrt64/include"
#include "..." search starts here:
#include <...> search starts here:
 C:/msys64/ucrt64/bin/../lib/gcc/x86_64-w64-mingw32/15.2.0/../../../../include/c++/15.2.0
 C:/msys64/ucrt64/bin/../lib/gcc/x86_64-w64-mingw32/15.2.0/../../../../include/c++/15.2.0/x86_64-w64-mingw32
 C:/msys64/ucrt64/bin/../lib/gcc/x86_64-w64-mingw32/15.2.0/../../../../include/c++/15.2.0/backward
 C:/msys64/ucrt64/bin/../lib/gcc/x86_64-w64-mingw32/15.2.0/include
 C:/msys64/ucrt64/bin/../lib/gcc/x86_64-w64-mingw32/15.2.0/../../../../include
 C:/msys64/ucrt64/bin/../lib/gcc/x86_64-w64-mingw32/15.2.0/include-fixed
End of search list.
Compiler executable checksum: 3a1a95c83f0136a64748ec8c5a2a87f3
COLLECT_GCC_OPTIONS='-v' '-g' '-o' 'main.exe' '-shared-libgcc' '-mtune=generic' '-march=nocona' '-dumpdir' 'main-'
 C:/msys64/ucrt64/bin/../lib/gcc/x86_64-w64-mingw32/15.2.0/../../../../x86_64-w64-mingw32/bin/as.exe -v --gdwarf-5 -o C:\Users\ishmu\AppData\Local\Temp\ccUBwQlD.o C:\Users\ishmu\AppData\Local\Temp\ccNuu8k4.s
COLLECT_GCC_OPTIONS='-v' '-g' '-o' 'main.exe' '-shared-libgcc' '-mtune=generic' '-march=nocona' '-dumpdir' 'main-'
 C:/msys64/ucrt64/bin/../lib/gcc/x86_64-w64-mingw32/15.2.0/cc1plus.exe -quiet -v -iprefix C:/msys64/ucrt64/bin/../lib/gcc/x86_64-w64-mingw32/15.2.0/ -D_REENTRANT locations.cpp -quiet -dumpdir main- -dumpbase locations.cpp -dumpbase-ext .cpp -mtune=generic -march=nocona -g -version -o C:\Users\ishmu\AppData\Local\Temp\ccNuu8k4.s
GNU C++17 (Rev8, Built by MSYS2 project) version 15.2.0 (x86_64-w64-mingw32)
	compiled by GNU C version 15.2.0, GMP version 6.3.0, MPFR version 4.2.2, MPC version 1.3.1, isl version isl-0.27-GMP

GGC heuristics: --param ggc-min-expand=100 --param ggc-min-heapsize=131072
ignoring nonexistent directory "C:/msys64/ucrt64/bin/../lib/gcc/x86_64-w64-mingw32/15.2.0/../../../../x86_64-w64-mingw32/include"
ignoring duplicate directory "C:/msys64/ucrt64/lib/gcc/../../lib/gcc/x86_64-w64-mingw32/15.2.0/../../../../include/c++/15.2.0"
ignoring duplicate directory "C:/msys64/ucrt64/lib/gcc/../../lib/gcc/x86_64-w64-mingw32/15.2.0/../../../../include/c++/15.2.0/x86_64-w64-mingw32"
ignoring duplicate directory "C:/msys64/ucrt64/lib/gcc/../../lib/gcc/x86_64-w64-mingw32/15.2.0/../../../../include/c++/15.2.0/backward"
ignoring duplicate directory "C:/msys64/ucrt64/lib/gcc/../../lib/gcc/x86_64-w64-mingw32/15.2.0/include"
ignoring nonexistent directory "D:/M/msys64/ucrt64/include"
ignoring nonexistent directory "/ucrt64/include"
ignoring duplicate directory "C:/msys64/ucrt64/lib/gcc/../../lib/gcc/x86_64-w64-mingw32/15.2.0/include-fixed"
ignoring nonexistent directory "C:/msys64/ucrt64/lib/gcc/../../lib/gcc/x86_64-w64-mingw32/15.2.0/../../../../x86_64-w64-mingw32/include"
ignoring nonexistent directory "D:/M/msys64/ucrt64/include"
#include "..." search starts here:
#include <...> search starts here:
 C:/msys64/ucrt64/bin/../lib/gcc/x86_64-w64-mingw32/15.2.0/../../../../include/c++/15.2.0
 C:/msys64/ucrt64/bin/../lib/gcc/x86_64-w64-mingw32/15.2.0/../../../../include/c++/15.2.0/x86_64-w64-mingw32
 C:/msys64/ucrt64/bin/../lib/gcc/x86_64-w64-mingw32/15.2.0/../../../../include/c++/15.2.0/backward
 C:/msys64/ucrt64/bin/../lib/gcc/x86_64-w64-mingw32/15.2.0/include
 C:/msys64/ucrt64/bin/../lib/gcc/x86_64-w64-mingw32/15.2.0/../../../../include
 C:/msys64/ucrt64/bin/../lib/gcc/x86_64-w64-mingw32/15.2.0/include-fixed
End of search list.
Compiler executable checksum: 3a1a95c83f0136a64748ec8c5a2a87f3
COLLECT_GCC_OPTIONS='-v' '-g' '-o' 'main.exe' '-shared-libgcc' '-mtune=generic' '-march=nocona' '-dumpdir' 'main-'
 C:/msys64/ucrt64/bin/../lib/gcc/x86_64-w64-mingw32/15.2.0/../../../../x86_64-w64-mingw32/bin/as.exe -v --gdwarf-5 -o C:\Users\ishmu\AppData\Local\Temp\ccJL8xwH.o C:\Users\ishmu\AppData\Local\Temp\ccNuu8k4.s
COMPILER_PATH=C:/msys64/ucrt64/bin/../lib/gcc/x86_64-w64-mingw32/15.2.0/;C:/msys64/ucrt64/bin/../lib/gcc/;C:/msys64/ucrt64/bin/../lib/gcc/x86_64-w64-mingw32/15.2.0/../../../../x86_64-w64-mingw32/bin/
LIBRARY_PATH=C:/msys64/ucrt64/bin/../lib/gcc/x86_64-w64-mingw32/15.2.0/;C:/msys64/ucrt64/bin/../lib/gcc/;C:/msys64/ucrt64/bin/../lib/gcc/x86_64-w64-mingw32/15.2.0/../../../../x86_64-w64-mingw32/lib/../lib/;C:/msys64/ucrt64/bin/../lib/gcc/x86_64-w64-mingw32/15.2.0/../../../../lib/;C:/msys64/ucrt64/bin/../lib/gcc/x86_64-w64-mingw32/15.2.0/../../../../x86_64-w64-mingw32/lib/;C:/msys64/ucrt64/bin/../lib/gcc/x86_64-w64-mingw32/15.2.0/../../../
COLLECT_GCC_OPTIONS='-v' '-g' '-o' 'main.exe' '-shared-libgcc' '-mtune=generic' '-march=nocona' '-dumpdir' 'main.'
 C:/msys64/ucrt64/bin/../lib/gcc/x86_64-w64-mingw32/15.2.0/collect2.exe -plugin C:/msys64/ucrt64/bin/../lib/gcc/x86_64-w64-mingw32/15.2.0/liblto_plugin.dll -plugin-opt=C:/msys64/ucrt64/bin/../lib/gcc/x86_64-w64-mingw32/15.2.0/lto-wrapper.exe -plugin-opt=-fresolution=C:\Users\ishmu\AppData\Local\Temp\cc5XfvD2.res -plugin-opt=-pass-through=-lmingw32 -plugin-opt=-pass-through=-lgcc_s -plugin-opt=-pass-through=-lgcc -plugin-opt=-pass-through=-lmingwex -plugin-opt=-pass-through=-lmsvcrt -plugin-opt=-pass-through=-lkernel32 -plugin-opt=-pass-through=-lpthread -plugin-opt=-pass-through=-ladvapi32 -plugin-opt=-pass-through=-lshell32 -plugin-opt=-pass-through=-luser32 -plugin-opt=-pass-through=-lkernel32 -plugin-opt=-pass-through=-lmingw32 -plugin-opt=-pass-through=-lgcc_s -plugin-opt=-pass-through=-lgcc -plugin-opt=-pass-through=-lmingwex -plugin-opt=-pass-through=-lmsvcrt -plugin-opt=-pass-through=-lkernel32 -m i386pep -Bdynamic -o main.exe C:/msys64/ucrt64/bin/../lib/gcc/x86_64-w64-mingw32/15.2.0/../../../../lib/crt2.o C:/msys64/ucrt64/bin/../lib/gcc/x86_64-w64-mingw32/15.2.0/crtbegin.o -LC:/msys64/ucrt64/bin/../lib/gcc/x86_64-w64-mingw32/15.2.0 -LC:/msys64/ucrt64/bin/../lib/gcc -LC:/msys64/ucrt64/bin/../lib/gcc/x86_64-w64-mingw32/15.2.0/../../../../x86_64-w64-mingw32/lib/../lib -LC:/msys64/ucrt64/bin/../lib/gcc/x86_64-w64-mingw32/15.2.0/../../../../lib -LC:/msys64/ucrt64/bin/../lib/gcc/x86_64-w64-mingw32/15.2.0/../../../../x86_64-w64-mingw32/lib -LC:/msys64/ucrt64/bin/../lib/gcc/x86_64-w64-mingw32/15.2.0/../../.. C:\Users\ishmu\AppData\Local\Temp\ccvbnZoq.o C:\Users\ishmu\AppData\Local\Temp\ccUBwQlD.o C:\Users\ishmu\AppData\Local\Temp\ccJL8xwH.o -lstdc++ -lmingw32 -lgcc_s -lgcc -lmingwex -lmsvcrt -lkernel32 -lpthread -ladvapi32 -lshell32 -luser32 -lkernel32 -lmingw32 -lgcc_s -lgcc -lmingwex -lmsvcrt -lkernel32 C:/msys64/ucrt64/bin/../lib/gcc/x86_64-w64-mingw32/15.2.0/../../../../lib/default-manifest.o C:/msys64/ucrt64/bin/../lib/gcc/x86_64-w64-mingw32/15.2.0/crtend.o
collect2.exe: error: ld returned 1 exit status
